#
# There is insufficient memory for the Java Runtime Environment to continue.
# Native memory allocation (malloc) failed to allocate 1035856 bytes for Chunk::new
# Possible reasons:
#   The system is out of physical RAM or swap space
#   The process is running with CompressedOops enabled, and the Java Heap may be blocking the growth of the native heap
# Possible solutions:
#   Reduce memory load on the system
#   Increase physical memory or swap space
#   Check if swap backing store is full
#   Decrease Java heap size (-Xmx/-Xms)
#   Decrease number of Java threads
#   Decrease Java thread stack sizes (-Xss)
#   Set larger code cache with -XX:ReservedCodeCacheSize=
#   JVM is running with Unscaled Compressed Oops mode in which the Java heap is
#     placed in the first 4GB address space. The Java Heap base address is the
#     maximum limit for the native heap growth. Please use -XX:HeapBaseMinAddress
#     to set the Java Heap base and to place the Java Heap above 4GB virtual address.
# This output file may be truncated or incomplete.
#
#  Out of Memory Error (arena.cpp:189), pid=21356, tid=9956
#
# JRE version: OpenJDK Runtime Environment (17.0.7) (build 17.0.7+0-b2043.56-10550314)
# Java VM: OpenJDK 64-Bit Server VM (17.0.7+0-b2043.56-10550314, mixed mode, tiered, compressed oops, compressed class ptrs, g1 gc, windows-amd64)
# No core dump will be written. Minidumps are not enabled by default on client versions of Windows
#

---------------  S U M M A R Y ------------

Command Line: --add-opens=java.base/java.util=ALL-UNNAMED --add-opens=java.base/java.lang=ALL-UNNAMED --add-opens=java.base/java.lang.invoke=ALL-UNNAMED --add-opens=java.prefs/java.util.prefs=ALL-UNNAMED --add-opens=java.base/java.nio.charset=ALL-UNNAMED --add-opens=java.base/java.net=ALL-UNNAMED --add-opens=java.base/java.util.concurrent.atomic=ALL-UNNAMED -Xmx1024m -Dfile.encoding=UTF-8 -Duser.country=US -Duser.language=en -Duser.variant -javaagent:C:\Users\ASUS\.gradle\wrapper\dists\gradle-8.2-bin\bbg7u40eoinfdyxsxr3z4i7ta\gradle-8.2\lib\agents\gradle-instrumentation-agent-8.2.jar org.gradle.launcher.daemon.bootstrap.GradleDaemon 8.2

Host: 13th Gen Intel(R) Core(TM) i7-13700H, 20 cores, 15G,  Windows 11 , 64 bit Build 22621 (10.0.22621.3235)
Time: Wed Apr 17 22:53:35 2024 Sri Lanka Standard Time elapsed time: 2.509102 seconds (0d 0h 0m 2s)

---------------  T H R E A D  ---------------

Current thread (0x000001f246561080):  JavaThread "C2 CompilerThread4" daemon [_thread_in_native, id=9956, stack(0x00000049cb600000,0x00000049cb700000)]


Current CompileTask:
C2:   2509 3760       4       java.util.regex.Pattern::compile (500 bytes)

Stack: [0x00000049cb600000,0x00000049cb700000]
Native frames: (J=compiled Java code, j=interpreted, Vv=VM code, C=native code)
V  [jvm.dll+0x683bfa]
V  [jvm.dll+0x8430a4]
V  [jvm.dll+0x8449be]
V  [jvm.dll+0x845023]
V  [jvm.dll+0x24ad2f]
V  [jvm.dll+0xac25c]
V  [jvm.dll+0xac82c]
V  [jvm.dll+0x36a132]
V  [jvm.dll+0x334821]
V  [jvm.dll+0x333cca]
V  [jvm.dll+0x21d251]
V  [jvm.dll+0x21c671]
V  [jvm.dll+0x1a605d]
V  [jvm.dll+0x22c148]
V  [jvm.dll+0x22a209]
V  [jvm.dll+0x7f858c]
V  [jvm.dll+0x7f2aea]
V  [jvm.dll+0x682a35]
C  [ucrtbase.dll+0x29363]
C  [KERNEL32.DLL+0x1257d]
C  [ntdll.dll+0x5aa58]


---------------  P R O C E S S  ---------------

Threads class SMR info:
_java_thread_list=0x000001f2444f7ca0, length=43, elements={
0x000001f224700520, 0x000001f241054030, 0x000001f241054db0, 0x000001f24107e020,
0x000001f24107f8f0, 0x000001f2410821c0, 0x000001f241082b70, 0x000001f24108f0e0,
0x000001f241098ab0, 0x000001f2410a3b90, 0x000001f23ce271b0, 0x000001f241232e70,
0x000001f2412335c0, 0x000001f241209790, 0x000001f24136bf30, 0x000001f2413fe810,
0x000001f24176c4b0, 0x000001f24176c9c0, 0x000001f2415b7150, 0x000001f2433e60e0,
0x000001f2438e1830, 0x000001f242f473e0, 0x000001f2427471b0, 0x000001f243b23f00,
0x000001f2422b8560, 0x000001f242a9b3c0, 0x000001f242a9b890, 0x000001f242a9c700,
0x000001f242a9bd60, 0x000001f242a9c230, 0x000001f24376ac90, 0x000001f24376c4a0,
0x000001f243768610, 0x000001f24376ce40, 0x000001f2437677a0, 0x000001f24376d310,
0x000001f24376bb00, 0x000001f243767c70, 0x000001f243768140, 0x000001f243768ae0,
0x000001f24376dcb0, 0x000001f246561080, 0x000001f2465624c0
}

Java Threads: ( => current thread )
  0x000001f224700520 JavaThread "main" [_thread_blocked, id=16328, stack(0x00000049c7500000,0x00000049c7600000)]
  0x000001f241054030 JavaThread "Reference Handler" daemon [_thread_blocked, id=19176, stack(0x00000049c7c00000,0x00000049c7d00000)]
  0x000001f241054db0 JavaThread "Finalizer" daemon [_thread_blocked, id=15880, stack(0x00000049c7d00000,0x00000049c7e00000)]
  0x000001f24107e020 JavaThread "Signal Dispatcher" daemon [_thread_blocked, id=18128, stack(0x00000049c7e00000,0x00000049c7f00000)]
  0x000001f24107f8f0 JavaThread "Attach Listener" daemon [_thread_blocked, id=7708, stack(0x00000049c7f00000,0x00000049c8000000)]
  0x000001f2410821c0 JavaThread "Service Thread" daemon [_thread_blocked, id=10344, stack(0x00000049c8000000,0x00000049c8100000)]
  0x000001f241082b70 JavaThread "Monitor Deflation Thread" daemon [_thread_blocked, id=15440, stack(0x00000049c8100000,0x00000049c8200000)]
  0x000001f24108f0e0 JavaThread "C2 CompilerThread0" daemon [_thread_in_native, id=20400, stack(0x00000049c8200000,0x00000049c8300000)]
  0x000001f241098ab0 JavaThread "C1 CompilerThread0" daemon [_thread_blocked, id=18140, stack(0x00000049c8300000,0x00000049c8400000)]
  0x000001f2410a3b90 JavaThread "Sweeper thread" daemon [_thread_blocked, id=17272, stack(0x00000049c8400000,0x00000049c8500000)]
  0x000001f23ce271b0 JavaThread "Common-Cleaner" daemon [_thread_blocked, id=3020, stack(0x00000049c8500000,0x00000049c8600000)]
  0x000001f241232e70 JavaThread "C1 CompilerThread1" daemon [_thread_blocked, id=8820, stack(0x00000049c8600000,0x00000049c8700000)]
  0x000001f2412335c0 JavaThread "C1 CompilerThread2" daemon [_thread_blocked, id=21292, stack(0x00000049c8700000,0x00000049c8800000)]
  0x000001f241209790 JavaThread "C1 CompilerThread3" daemon [_thread_blocked, id=15220, stack(0x00000049c8800000,0x00000049c8900000)]
  0x000001f24136bf30 JavaThread "Notification Thread" daemon [_thread_blocked, id=19852, stack(0x00000049c8900000,0x00000049c8a00000)]
  0x000001f2413fe810 JavaThread "C2 CompilerThread1" daemon [_thread_blocked, id=20884, stack(0x00000049c8b00000,0x00000049c8c00000)]
  0x000001f24176c4b0 JavaThread "C2 CompilerThread2" daemon [_thread_in_native, id=6964, stack(0x00000049c8c00000,0x00000049c8d00000)]
  0x000001f24176c9c0 JavaThread "C2 CompilerThread3" daemon [_thread_blocked, id=18560, stack(0x00000049c8d00000,0x00000049c8e00000)]
  0x000001f2415b7150 JavaThread "Daemon health stats" [_thread_blocked, id=14744, stack(0x00000049c9300000,0x00000049c9400000)]
  0x000001f2433e60e0 JavaThread "Incoming local TCP Connector on port 5262" [_thread_in_native, id=14848, stack(0x00000049c9400000,0x00000049c9500000)]
  0x000001f2438e1830 JavaThread "Daemon periodic checks" [_thread_blocked, id=9800, stack(0x00000049c9500000,0x00000049c9600000)]
  0x000001f242f473e0 JavaThread "Daemon" [_thread_blocked, id=2780, stack(0x00000049c9600000,0x00000049c9700000)]
  0x000001f2427471b0 JavaThread "Handler for socket connection from /127.0.0.1:5262 to /127.0.0.1:5263" [_thread_in_native, id=12592, stack(0x00000049c9700000,0x00000049c9800000)]
  0x000001f243b23f00 JavaThread "Cancel handler" [_thread_blocked, id=19708, stack(0x00000049c9800000,0x00000049c9900000)]
  0x000001f2422b8560 JavaThread "Daemon worker" [_thread_in_Java, id=16752, stack(0x00000049c9900000,0x00000049c9a00000)]
  0x000001f242a9b3c0 JavaThread "Asynchronous log dispatcher for DefaultDaemonConnection: socket connection from /127.0.0.1:5262 to /127.0.0.1:5263" [_thread_blocked, id=19016, stack(0x00000049c9a00000,0x00000049c9b00000)]
  0x000001f242a9b890 JavaThread "Stdin handler" [_thread_blocked, id=4880, stack(0x00000049c9b00000,0x00000049c9c00000)]
  0x000001f242a9c700 JavaThread "Daemon client event forwarder" [_thread_blocked, id=4736, stack(0x00000049c9c00000,0x00000049c9d00000)]
  0x000001f242a9bd60 JavaThread "Cache worker for journal cache (C:\Users\ASUS\.gradle\caches\journal-1)" [_thread_blocked, id=20536, stack(0x00000049ca900000,0x00000049caa00000)]
  0x000001f242a9c230 JavaThread "File lock request listener" [_thread_in_native, id=20316, stack(0x00000049caa00000,0x00000049cab00000)]
  0x000001f24376ac90 JavaThread "Cache worker for file hash cache (C:\Users\ASUS\.gradle\caches\8.2\fileHashes)" [_thread_blocked, id=11728, stack(0x00000049cab00000,0x00000049cac00000)]
  0x000001f24376c4a0 JavaThread "File watcher server" daemon [_thread_in_native, id=3484, stack(0x00000049cac00000,0x00000049cad00000)]
  0x000001f243768610 JavaThread "File watcher consumer" daemon [_thread_blocked, id=14976, stack(0x00000049cad00000,0x00000049cae00000)]
  0x000001f24376ce40 JavaThread "Cache worker for checksums cache (C:\Users\ASUS\AndroidStudioProjects\Game\.gradle\8.2\checksums)" [_thread_blocked, id=20288, stack(0x00000049cae00000,0x00000049caf00000)]
  0x000001f2437677a0 JavaThread "Cache worker for cache directory md-rule (C:\Users\ASUS\.gradle\caches\8.2\md-rule)" [_thread_blocked, id=18248, stack(0x00000049caf00000,0x00000049cb000000)]
  0x000001f24376d310 JavaThread "Cache worker for file content cache (C:\Users\ASUS\.gradle\caches\8.2\fileContent)" [_thread_blocked, id=1352, stack(0x00000049cb000000,0x00000049cb100000)]
  0x000001f24376bb00 JavaThread "Cache worker for file hash cache (C:\Users\ASUS\AndroidStudioProjects\Game\.gradle\8.2\fileHashes)" [_thread_blocked, id=1476, stack(0x00000049cb100000,0x00000049cb200000)]
  0x000001f243767c70 JavaThread "Cache worker for cache directory md-supplier (C:\Users\ASUS\.gradle\caches\8.2\md-supplier)" [_thread_blocked, id=13340, stack(0x00000049cb200000,0x00000049cb300000)]
  0x000001f243768140 JavaThread "Cache worker for execution history cache (C:\Users\ASUS\.gradle\caches\8.2\executionHistory)" [_thread_blocked, id=16548, stack(0x00000049cb300000,0x00000049cb400000)]
  0x000001f243768ae0 JavaThread "jar transforms" [_thread_blocked, id=16972, stack(0x00000049cb400000,0x00000049cb500000)]
  0x000001f24376dcb0 JavaThread "jar transforms Thread 2" [_thread_blocked, id=10848, stack(0x00000049cb500000,0x00000049cb600000)]
=>0x000001f246561080 JavaThread "C2 CompilerThread4" daemon [_thread_in_native, id=9956, stack(0x00000049cb600000,0x00000049cb700000)]
  0x000001f2465624c0 JavaThread "C2 CompilerThread5" daemon [_thread_in_native, id=11500, stack(0x00000049cb700000,0x00000049cb800000)]

Other Threads:
  0x000001f241030630 VMThread "VM Thread" [stack: 0x00000049c7b00000,0x00000049c7c00000] [id=17700]
  0x000001f2413db5e0 WatcherThread [stack: 0x00000049c8a00000,0x00000049c8b00000] [id=4584]
  0x000001f22473e150 GCTaskThread "GC Thread#0" [stack: 0x00000049c7600000,0x00000049c7700000] [id=4660]
  0x000001f241e9a490 GCTaskThread "GC Thread#1" [stack: 0x00000049c8e00000,0x00000049c8f00000] [id=7976]
  0x000001f242796640 GCTaskThread "GC Thread#2" [stack: 0x00000049c8f00000,0x00000049c9000000] [id=10932]
  0x000001f2418a9440 GCTaskThread "GC Thread#3" [stack: 0x00000049c9000000,0x00000049c9100000] [id=20604]
  0x000001f241f8afe0 GCTaskThread "GC Thread#4" [stack: 0x00000049c9100000,0x00000049c9200000] [id=13672]
  0x000001f241625170 GCTaskThread "GC Thread#5" [stack: 0x00000049c9200000,0x00000049c9300000] [id=11776]
  0x000001f242517580 GCTaskThread "GC Thread#6" [stack: 0x00000049c9d00000,0x00000049c9e00000] [id=20308]
  0x000001f242aa1d30 GCTaskThread "GC Thread#7" [stack: 0x00000049c9e00000,0x00000049c9f00000] [id=14864]
  0x000001f2430c9170 GCTaskThread "GC Thread#8" [stack: 0x00000049c9f00000,0x00000049ca000000] [id=11368]
  0x000001f243446aa0 GCTaskThread "GC Thread#9" [stack: 0x00000049ca000000,0x00000049ca100000] [id=17760]
  0x000001f24388a160 GCTaskThread "GC Thread#10" [stack: 0x00000049ca100000,0x00000049ca200000] [id=21364]
  0x000001f243539d80 GCTaskThread "GC Thread#11" [stack: 0x00000049ca200000,0x00000049ca300000] [id=13584]
  0x000001f243ecd8a0 GCTaskThread "GC Thread#12" [stack: 0x00000049ca300000,0x00000049ca400000] [id=16320]
  0x000001f243ece360 GCTaskThread "GC Thread#13" [stack: 0x00000049ca400000,0x00000049ca500000] [id=1632]
  0x000001f243ecde00 GCTaskThread "GC Thread#14" [stack: 0x00000049ca500000,0x00000049ca600000] [id=11520]
  0x000001f2247480a0 ConcurrentGCThread "G1 Main Marker" [stack: 0x00000049c7700000,0x00000049c7800000] [id=16388]
  0x000001f224749250 ConcurrentGCThread "G1 Conc#0" [stack: 0x00000049c7800000,0x00000049c7900000] [id=18716]
  0x000001f243ece8c0 ConcurrentGCThread "G1 Conc#1" [stack: 0x00000049ca600000,0x00000049ca700000] [id=924]
  0x000001f243ece0b0 ConcurrentGCThread "G1 Conc#2" [stack: 0x00000049ca700000,0x00000049ca800000] [id=6604]
  0x000001f243ecd5f0 ConcurrentGCThread "G1 Conc#3" [stack: 0x00000049ca800000,0x00000049ca900000] [id=4416]
  0x000001f2247be160 ConcurrentGCThread "G1 Refine#0" [stack: 0x00000049c7900000,0x00000049c7a00000] [id=3704]
  0x000001f2247beb80 ConcurrentGCThread "G1 Service" [stack: 0x00000049c7a00000,0x00000049c7b00000] [id=4216]

Threads with active compile tasks:
C2 CompilerThread0     2519 3869       4       org.codehaus.groovy.reflection.CachedMethod::compareTo (25 bytes)
C2 CompilerThread2     2519 3873       4       org.codehaus.groovy.reflection.CachedMethod::compareToCachedMethod (160 bytes)
C2 CompilerThread4     2519 3760       4       java.util.regex.Pattern::compile (500 bytes)
C2 CompilerThread5     2519 3864       4       java.util.AbstractCollection::addAll (42 bytes)

VM state: not at safepoint (normal execution)

VM Mutex/Monitor currently owned by a thread: None

Heap address: 0x00000000c0000000, size: 1024 MB, Compressed Oops mode: 32-bit

CDS archive(s) not mapped
Compressed class space mapped at: 0x0000000100000000-0x0000000140000000, reserved size: 1073741824
Narrow klass base: 0x0000000000000000, Narrow klass shift: 3, Narrow klass range: 0x140000000

GC Precious Log:
 CPUs: 20 total, 20 available
 Memory: 16003M
 Large Page Support: Disabled
 NUMA Support: Disabled
 Compressed Oops: Enabled (32-bit)
 Heap Region Size: 1M
 Heap Min Capacity: 8M
 Heap Initial Capacity: 252M
 Heap Max Capacity: 1G
 Pre-touch: Disabled
 Parallel Workers: 15
 Concurrent Workers: 4
 Concurrent Refinement Workers: 15
 Periodic GC: Disabled

Heap:
 garbage-first heap   total 68608K, used 43853K [0x00000000c0000000, 0x0000000100000000)
  region size 1024K, 21 young (21504K), 4 survivors (4096K)
 Metaspace       used 41748K, committed 42112K, reserved 1114112K
  class space    used 5538K, committed 5696K, reserved 1048576K

Heap Regions: E=young(eden), S=young(survivor), O=old, HS=humongous(starts), HC=humongous(continues), CS=collection set, F=free, OA=open archive, CA=closed archive, TAMS=top-at-mark-start (previous, next)
|   0|0x00000000c0000000, 0x00000000c0100000, 0x00000000c0100000|100%|HS|  |TAMS 0x00000000c0100000, 0x00000000c0000000| Complete 
|   1|0x00000000c0100000, 0x00000000c0200000, 0x00000000c0200000|100%|HC|  |TAMS 0x00000000c0200000, 0x00000000c0100000| Complete 
|   2|0x00000000c0200000, 0x00000000c0300000, 0x00000000c0300000|100%|HC|  |TAMS 0x00000000c0300000, 0x00000000c0200000| Complete 
|   3|0x00000000c0300000, 0x00000000c0400000, 0x00000000c0400000|100%|HC|  |TAMS 0x00000000c0400000, 0x00000000c0300000| Complete 
|   4|0x00000000c0400000, 0x00000000c0500000, 0x00000000c0500000|100%| O|  |TAMS 0x00000000c0500000, 0x00000000c0400000| Untracked 
|   5|0x00000000c0500000, 0x00000000c0600000, 0x00000000c0600000|100%| O|  |TAMS 0x00000000c0600000, 0x00000000c0500000| Untracked 
|   6|0x00000000c0600000, 0x00000000c0700000, 0x00000000c0700000|100%| O|  |TAMS 0x00000000c0700000, 0x00000000c0600000| Untracked 
|   7|0x00000000c0700000, 0x00000000c0800000, 0x00000000c0800000|100%| O|  |TAMS 0x00000000c0800000, 0x00000000c0700000| Untracked 
|   8|0x00000000c0800000, 0x00000000c0900000, 0x00000000c0900000|100%| O|  |TAMS 0x00000000c0900000, 0x00000000c0800000| Untracked 
|   9|0x00000000c0900000, 0x00000000c0a00000, 0x00000000c0a00000|100%| O|  |TAMS 0x00000000c0a00000, 0x00000000c0900000| Untracked 
|  10|0x00000000c0a00000, 0x00000000c0b00000, 0x00000000c0b00000|100%| O|  |TAMS 0x00000000c0b00000, 0x00000000c0a00000| Untracked 
|  11|0x00000000c0b00000, 0x00000000c0b53e00, 0x00000000c0c00000| 32%| O|  |TAMS 0x00000000c0b53e00, 0x00000000c0b00000| Untracked 
|  12|0x00000000c0c00000, 0x00000000c0d00000, 0x00000000c0d00000|100%| O|  |TAMS 0x00000000c0d00000, 0x00000000c0c00000| Untracked 
|  13|0x00000000c0d00000, 0x00000000c0e00000, 0x00000000c0e00000|100%| O|  |TAMS 0x00000000c0e00000, 0x00000000c0d00000| Untracked 
|  14|0x00000000c0e00000, 0x00000000c0f00000, 0x00000000c0f00000|100%| O|  |TAMS 0x00000000c0f00000, 0x00000000c0e00000| Untracked 
|  15|0x00000000c0f00000, 0x00000000c1000000, 0x00000000c1000000|100%| O|  |TAMS 0x00000000c1000000, 0x00000000c0f00000| Untracked 
|  16|0x00000000c1000000, 0x00000000c1100000, 0x00000000c1100000|100%| O|  |TAMS 0x00000000c1100000, 0x00000000c1000000| Untracked 
|  17|0x00000000c1100000, 0x00000000c1200000, 0x00000000c1200000|100%| O|  |TAMS 0x00000000c1200000, 0x00000000c1100000| Untracked 
|  18|0x00000000c1200000, 0x00000000c1300000, 0x00000000c1300000|100%| O|  |TAMS 0x00000000c1300000, 0x00000000c1200000| Untracked 
|  19|0x00000000c1300000, 0x00000000c1400000, 0x00000000c1400000|100%| O|  |TAMS 0x00000000c1400000, 0x00000000c1300000| Untracked 
|  20|0x00000000c1400000, 0x00000000c1500000, 0x00000000c1500000|100%| O|  |TAMS 0x00000000c1460c00, 0x00000000c1400000| Untracked 
|  21|0x00000000c1500000, 0x00000000c1600000, 0x00000000c1600000|100%| O|  |TAMS 0x00000000c1500000, 0x00000000c1500000| Untracked 
|  22|0x00000000c1600000, 0x00000000c1700000, 0x00000000c1700000|100%| O|  |TAMS 0x00000000c1600000, 0x00000000c1600000| Untracked 
|  23|0x00000000c1700000, 0x00000000c177f600, 0x00000000c1800000| 49%| O|  |TAMS 0x00000000c1700000, 0x00000000c1700000| Untracked 
|  24|0x00000000c1800000, 0x00000000c1800000, 0x00000000c1900000|  0%| F|  |TAMS 0x00000000c1800000, 0x00000000c1800000| Untracked 
|  25|0x00000000c1900000, 0x00000000c1900000, 0x00000000c1a00000|  0%| F|  |TAMS 0x00000000c1900000, 0x00000000c1900000| Untracked 
|  26|0x00000000c1a00000, 0x00000000c1a00000, 0x00000000c1b00000|  0%| F|  |TAMS 0x00000000c1a00000, 0x00000000c1a00000| Untracked 
|  27|0x00000000c1b00000, 0x00000000c1b00000, 0x00000000c1c00000|  0%| F|  |TAMS 0x00000000c1b00000, 0x00000000c1b00000| Untracked 
|  28|0x00000000c1c00000, 0x00000000c1c00000, 0x00000000c1d00000|  0%| F|  |TAMS 0x00000000c1c00000, 0x00000000c1c00000| Untracked 
|  29|0x00000000c1d00000, 0x00000000c1d00000, 0x00000000c1e00000|  0%| F|  |TAMS 0x00000000c1d00000, 0x00000000c1d00000| Untracked 
|  30|0x00000000c1e00000, 0x00000000c1e00000, 0x00000000c1f00000|  0%| F|  |TAMS 0x00000000c1e00000, 0x00000000c1e00000| Untracked 
|  31|0x00000000c1f00000, 0x00000000c1f00000, 0x00000000c2000000|  0%| F|  |TAMS 0x00000000c1f00000, 0x00000000c1f00000| Untracked 
|  32|0x00000000c2000000, 0x00000000c2100000, 0x00000000c2100000|100%| S|CS|TAMS 0x00000000c2000000, 0x00000000c2000000| Complete 
|  33|0x00000000c2100000, 0x00000000c2200000, 0x00000000c2200000|100%| S|CS|TAMS 0x00000000c2100000, 0x00000000c2100000| Complete 
|  34|0x00000000c2200000, 0x00000000c2300000, 0x00000000c2300000|100%| S|CS|TAMS 0x00000000c2200000, 0x00000000c2200000| Complete 
|  35|0x00000000c2300000, 0x00000000c2400000, 0x00000000c2400000|100%| S|CS|TAMS 0x00000000c2300000, 0x00000000c2300000| Complete 
|  36|0x00000000c2400000, 0x00000000c2400000, 0x00000000c2500000|  0%| F|  |TAMS 0x00000000c2400000, 0x00000000c2400000| Untracked 
|  37|0x00000000c2500000, 0x00000000c2500000, 0x00000000c2600000|  0%| F|  |TAMS 0x00000000c2500000, 0x00000000c2500000| Untracked 
|  38|0x00000000c2600000, 0x00000000c2600000, 0x00000000c2700000|  0%| F|  |TAMS 0x00000000c2600000, 0x00000000c2600000| Untracked 
|  39|0x00000000c2700000, 0x00000000c2700000, 0x00000000c2800000|  0%| F|  |TAMS 0x00000000c2700000, 0x00000000c2700000| Untracked 
|  40|0x00000000c2800000, 0x00000000c2800000, 0x00000000c2900000|  0%| F|  |TAMS 0x00000000c2800000, 0x00000000c2800000| Untracked 
|  41|0x00000000c2900000, 0x00000000c2900000, 0x00000000c2a00000|  0%| F|  |TAMS 0x00000000c2900000, 0x00000000c2900000| Untracked 
|  42|0x00000000c2a00000, 0x00000000c2a00000, 0x00000000c2b00000|  0%| F|  |TAMS 0x00000000c2a00000, 0x00000000c2a00000| Untracked 
|  43|0x00000000c2b00000, 0x00000000c2b00000, 0x00000000c2c00000|  0%| F|  |TAMS 0x00000000c2b00000, 0x00000000c2b00000| Untracked 
|  44|0x00000000c2c00000, 0x00000000c2c00000, 0x00000000c2d00000|  0%| F|  |TAMS 0x00000000c2c00000, 0x00000000c2c00000| Untracked 
|  45|0x00000000c2d00000, 0x00000000c2d00000, 0x00000000c2e00000|  0%| F|  |TAMS 0x00000000c2d00000, 0x00000000c2d00000| Untracked 
|  46|0x00000000c2e00000, 0x00000000c2e00000, 0x00000000c2f00000|  0%| F|  |TAMS 0x00000000c2e00000, 0x00000000c2e00000| Untracked 
|  47|0x00000000c2f00000, 0x00000000c2f00000, 0x00000000c3000000|  0%| F|  |TAMS 0x00000000c2f00000, 0x00000000c2f00000| Untracked 
|  48|0x00000000c3000000, 0x00000000c3000000, 0x00000000c3100000|  0%| F|  |TAMS 0x00000000c3000000, 0x00000000c3000000| Untracked 
|  49|0x00000000c3100000, 0x00000000c3100000, 0x00000000c3200000|  0%| F|  |TAMS 0x00000000c3100000, 0x00000000c3100000| Untracked 
|  50|0x00000000c3200000, 0x00000000c326aa58, 0x00000000c3300000| 41%| E|  |TAMS 0x00000000c3200000, 0x00000000c3200000| Complete 
|  51|0x00000000c3300000, 0x00000000c3400000, 0x00000000c3400000|100%| E|CS|TAMS 0x00000000c3300000, 0x00000000c3300000| Complete 
|  52|0x00000000c3400000, 0x00000000c3500000, 0x00000000c3500000|100%| E|CS|TAMS 0x00000000c3400000, 0x00000000c3400000| Complete 
|  53|0x00000000c3500000, 0x00000000c3600000, 0x00000000c3600000|100%| E|CS|TAMS 0x00000000c3500000, 0x00000000c3500000| Complete 
|  54|0x00000000c3600000, 0x00000000c3700000, 0x00000000c3700000|100%| E|CS|TAMS 0x00000000c3600000, 0x00000000c3600000| Complete 
|  55|0x00000000c3700000, 0x00000000c3800000, 0x00000000c3800000|100%| E|CS|TAMS 0x00000000c3700000, 0x00000000c3700000| Complete 
|  56|0x00000000c3800000, 0x00000000c3900000, 0x00000000c3900000|100%| E|CS|TAMS 0x00000000c3800000, 0x00000000c3800000| Complete 
|  57|0x00000000c3900000, 0x00000000c3a00000, 0x00000000c3a00000|100%| E|CS|TAMS 0x00000000c3900000, 0x00000000c3900000| Complete 
| 196|0x00000000cc400000, 0x00000000cc500000, 0x00000000cc500000|100%| E|CS|TAMS 0x00000000cc400000, 0x00000000cc400000| Complete 
| 197|0x00000000cc500000, 0x00000000cc600000, 0x00000000cc600000|100%| E|CS|TAMS 0x00000000cc500000, 0x00000000cc500000| Complete 
| 198|0x00000000cc600000, 0x00000000cc700000, 0x00000000cc700000|100%| E|CS|TAMS 0x00000000cc600000, 0x00000000cc600000| Complete 
| 199|0x00000000cc700000, 0x00000000cc800000, 0x00000000cc800000|100%| E|CS|TAMS 0x00000000cc700000, 0x00000000cc700000| Complete 
| 200|0x00000000cc800000, 0x00000000cc900000, 0x00000000cc900000|100%| E|CS|TAMS 0x00000000cc800000, 0x00000000cc800000| Complete 
| 201|0x00000000cc900000, 0x00000000cca00000, 0x00000000cca00000|100%| E|CS|TAMS 0x00000000cc900000, 0x00000000cc900000| Complete 
| 202|0x00000000cca00000, 0x00000000ccb00000, 0x00000000ccb00000|100%| E|CS|TAMS 0x00000000cca00000, 0x00000000cca00000| Complete 
| 203|0x00000000ccb00000, 0x00000000ccc00000, 0x00000000ccc00000|100%| E|CS|TAMS 0x00000000ccb00000, 0x00000000ccb00000| Complete 
| 251|0x00000000cfb00000, 0x00000000cfc00000, 0x00000000cfc00000|100%| E|CS|TAMS 0x00000000cfb00000, 0x00000000cfb00000| Complete 

Card table byte_map: [0x000001f237870000,0x000001f237a70000] _byte_map_base: 0x000001f237270000

Marking Bits (Prev, Next): (CMBitMap*) 0x000001f22473f770, (CMBitMap*) 0x000001f22473f7b0
 Prev Bits: [0x000001f237c70000, 0x000001f238c70000)
 Next Bits: [0x000001f238c70000, 0x000001f239c70000)

Polling page: 0x000001f222660000

Metaspace:

Usage:
  Non-class:     35.38 MB used.
      Class:      5.41 MB used.
       Both:     40.79 MB used.

Virtual space:
  Non-class space:       64.00 MB reserved,      35.56 MB ( 56%) committed,  1 nodes.
      Class space:        1.00 GB reserved,       5.56 MB ( <1%) committed,  1 nodes.
             Both:        1.06 GB reserved,      41.12 MB (  4%) committed. 

Chunk freelists:
   Non-Class:  11.75 MB
       Class:  10.42 MB
        Both:  22.16 MB

MaxMetaspaceSize: unlimited
CompressedClassSpaceSize: 1.00 GB
Initial GC threshold: 21.00 MB
Current GC threshold: 58.69 MB
CDS: off
MetaspaceReclaimPolicy: balanced
 - commit_granule_bytes: 65536.
 - commit_granule_words: 8192.
 - virtual_space_node_default_size: 8388608.
 - enlarge_chunks_in_place: 1.
 - new_chunks_are_fully_committed: 0.
 - uncommit_free_chunks: 1.
 - use_allocation_guard: 0.
 - handle_deallocations: 1.


Internal statistics:

num_allocs_failed_limit: 6.
num_arena_births: 304.
num_arena_deaths: 0.
num_vsnodes_births: 2.
num_vsnodes_deaths: 0.
num_space_committed: 659.
num_space_uncommitted: 0.
num_chunks_returned_to_freelist: 6.
num_chunks_taken_from_freelist: 1441.
num_chunk_merges: 3.
num_chunk_splits: 979.
num_chunks_enlarged: 710.
num_inconsistent_stats: 0.

CodeHeap 'non-profiled nmethods': size=119168Kb used=2150Kb max_used=2150Kb free=117017Kb
 bounds [0x000001f22f770000, 0x000001f22f9e0000, 0x000001f236bd0000]
CodeHeap 'profiled nmethods': size=119104Kb used=8187Kb max_used=8187Kb free=110916Kb
 bounds [0x000001f227bd0000, 0x000001f2283d0000, 0x000001f22f020000]
CodeHeap 'non-nmethods': size=7488Kb used=3277Kb max_used=3307Kb free=4210Kb
 bounds [0x000001f22f020000, 0x000001f22f360000, 0x000001f22f770000]
 total_blobs=4549 nmethods=3895 adapters=563
 compilation: enabled
              stopped_count=0, restarted_count=0
 full_count=0

Compilation events (20 events):
Event: 2.490 Thread 0x000001f241098ab0 nmethod 3858 0x000001f2283b4410 code [0x000001f2283b45a0, 0x000001f2283b4718]
Event: 2.492 Thread 0x000001f2465624c0 3859       4       sun.instrument.InstrumentationImpl::transform (73 bytes)
Event: 2.492 Thread 0x000001f24176c9c0 3860   !   4       sun.instrument.TransformerManager::transform (100 bytes)
Event: 2.492 Thread 0x000001f24176c4b0 3861       4       java.lang.instrument.ClassFileTransformer::transform (15 bytes)
Event: 2.493 Thread 0x000001f24108f0e0 3862  s    4       jdk.internal.loader.Resource::cachedInputStream (20 bytes)
Event: 2.494 Thread 0x000001f24176c4b0 nmethod 3861 0x000001f22f980290 code [0x000001f22f980420, 0x000001f22f980538]
Event: 2.499 Thread 0x000001f24108f0e0 nmethod 3862 0x000001f22f980610 code [0x000001f22f9807c0, 0x000001f22f980eb8]
Event: 2.499 Thread 0x000001f24176c9c0 nmethod 3860 0x000001f22f981190 code [0x000001f22f981320, 0x000001f22f981578]
Event: 2.499 Thread 0x000001f2465624c0 nmethod 3859 0x000001f22f981810 code [0x000001f22f9819a0, 0x000001f22f981cf8]
Event: 2.500 Thread 0x000001f2465624c0 3863       4       jdk.internal.loader.URLClassPath$JarLoader$2::getCodeSourceURL (8 bytes)
Event: 2.501 Thread 0x000001f2465624c0 nmethod 3863 0x000001f22f982090 code [0x000001f22f982200, 0x000001f22f982298]
Event: 2.504 Thread 0x000001f2465624c0 3864       4       java.util.AbstractCollection::addAll (42 bytes)
Event: 2.504 Thread 0x000001f24176c9c0 3865       4       java.lang.PublicMethods$MethodList::filter (104 bytes)
Event: 2.504 Thread 0x000001f241098ab0 3866       3       org.codehaus.groovy.reflection.ClassInfo::isSAM (13 bytes)
Event: 2.504 Thread 0x000001f241209790 3867       3       java.util.Spliterators::spliterator (25 bytes)
Event: 2.504 Thread 0x000001f241098ab0 nmethod 3866 0x000001f2283b4790 code [0x000001f2283b4940, 0x000001f2283b4aa8]
Event: 2.505 Thread 0x000001f241209790 nmethod 3867 0x000001f2283b4b90 code [0x000001f2283b4d60, 0x000001f2283b5198]
Event: 2.505 Thread 0x000001f241232e70 3868       3       java.util.ComparableTimSort::binarySort (223 bytes)
Event: 2.505 Thread 0x000001f241232e70 nmethod 3868 0x000001f2283b5390 code [0x000001f2283b55c0, 0x000001f2283b6178]
Event: 2.505 Thread 0x000001f24108f0e0 3869       4       org.codehaus.groovy.reflection.CachedMethod::compareTo (25 bytes)

GC Heap History (16 events):
Event: 0.477 GC heap before
{Heap before GC invocations=0 (full 0):
 garbage-first heap   total 258048K, used 26624K [0x00000000c0000000, 0x0000000100000000)
  region size 1024K, 23 young (23552K), 0 survivors (0K)
 Metaspace       used 10457K, committed 10688K, reserved 1114112K
  class space    used 1085K, committed 1216K, reserved 1048576K
}
Event: 0.479 GC heap after
{Heap after GC invocations=1 (full 0):
 garbage-first heap   total 258048K, used 10560K [0x00000000c0000000, 0x0000000100000000)
  region size 1024K, 3 young (3072K), 3 survivors (3072K)
 Metaspace       used 10457K, committed 10688K, reserved 1114112K
  class space    used 1085K, committed 1216K, reserved 1048576K
}
Event: 0.668 GC heap before
{Heap before GC invocations=1 (full 0):
 garbage-first heap   total 258048K, used 40256K [0x00000000c0000000, 0x0000000100000000)
  region size 1024K, 31 young (31744K), 3 survivors (3072K)
 Metaspace       used 11487K, committed 11648K, reserved 1114112K
  class space    used 1194K, committed 1280K, reserved 1048576K
}
Event: 0.670 GC heap after
{Heap after GC invocations=2 (full 0):
 garbage-first heap   total 258048K, used 12866K [0x00000000c0000000, 0x0000000100000000)
  region size 1024K, 3 young (3072K), 3 survivors (3072K)
 Metaspace       used 11487K, committed 11648K, reserved 1114112K
  class space    used 1194K, committed 1280K, reserved 1048576K
}
Event: 1.197 GC heap before
{Heap before GC invocations=2 (full 0):
 garbage-first heap   total 258048K, used 57922K [0x00000000c0000000, 0x0000000100000000)
  region size 1024K, 48 young (49152K), 3 survivors (3072K)
 Metaspace       used 21272K, committed 21504K, reserved 1114112K
  class space    used 2555K, committed 2688K, reserved 1048576K
}
Event: 1.200 GC heap after
{Heap after GC invocations=3 (full 0):
 garbage-first heap   total 258048K, used 18735K [0x00000000c0000000, 0x0000000100000000)
  region size 1024K, 8 young (8192K), 8 survivors (8192K)
 Metaspace       used 21272K, committed 21504K, reserved 1114112K
  class space    used 2555K, committed 2688K, reserved 1048576K
}
Event: 1.514 GC heap before
{Heap before GC invocations=4 (full 0):
 garbage-first heap   total 68608K, used 51503K [0x00000000c0000000, 0x0000000100000000)
  region size 1024K, 40 young (40960K), 8 survivors (8192K)
 Metaspace       used 25761K, committed 26048K, reserved 1114112K
  class space    used 3341K, committed 3456K, reserved 1048576K
}
Event: 1.518 GC heap after
{Heap after GC invocations=5 (full 0):
 garbage-first heap   total 68608K, used 20528K [0x00000000c0000000, 0x0000000100000000)
  region size 1024K, 3 young (3072K), 3 survivors (3072K)
 Metaspace       used 25761K, committed 26048K, reserved 1114112K
  class space    used 3341K, committed 3456K, reserved 1048576K
}
Event: 1.810 GC heap before
{Heap before GC invocations=5 (full 0):
 garbage-first heap   total 68608K, used 47152K [0x00000000c0000000, 0x0000000100000000)
  region size 1024K, 30 young (30720K), 3 survivors (3072K)
 Metaspace       used 29676K, committed 30016K, reserved 1114112K
  class space    used 3970K, committed 4096K, reserved 1048576K
}
Event: 1.811 GC heap after
{Heap after GC invocations=6 (full 0):
 garbage-first heap   total 68608K, used 21737K [0x00000000c0000000, 0x0000000100000000)
  region size 1024K, 4 young (4096K), 4 survivors (4096K)
 Metaspace       used 29676K, committed 30016K, reserved 1114112K
  class space    used 3970K, committed 4096K, reserved 1048576K
}
Event: 2.017 GC heap before
{Heap before GC invocations=6 (full 0):
 garbage-first heap   total 68608K, used 49385K [0x00000000c0000000, 0x0000000100000000)
  region size 1024K, 31 young (31744K), 4 survivors (4096K)
 Metaspace       used 33227K, committed 33472K, reserved 1114112K
  class space    used 4555K, committed 4672K, reserved 1048576K
}
Event: 2.019 GC heap after
{Heap after GC invocations=7 (full 0):
 garbage-first heap   total 68608K, used 22960K [0x00000000c0000000, 0x0000000100000000)
  region size 1024K, 3 young (3072K), 3 survivors (3072K)
 Metaspace       used 33227K, committed 33472K, reserved 1114112K
  class space    used 4555K, committed 4672K, reserved 1048576K
}
Event: 2.164 GC heap before
{Heap before GC invocations=7 (full 0):
 garbage-first heap   total 68608K, used 36272K [0x00000000c0000000, 0x0000000100000000)
  region size 1024K, 17 young (17408K), 3 survivors (3072K)
 Metaspace       used 35649K, committed 35968K, reserved 1114112K
  class space    used 4922K, committed 5056K, reserved 1048576K
}
Event: 2.166 GC heap after
{Heap after GC invocations=8 (full 0):
 garbage-first heap   total 68608K, used 23882K [0x00000000c0000000, 0x0000000100000000)
  region size 1024K, 3 young (3072K), 3 survivors (3072K)
 Metaspace       used 35649K, committed 35968K, reserved 1114112K
  class space    used 4922K, committed 5056K, reserved 1048576K
}
Event: 2.420 GC heap before
{Heap before GC invocations=9 (full 0):
 garbage-first heap   total 68608K, used 51530K [0x00000000c0000000, 0x0000000100000000)
  region size 1024K, 31 young (31744K), 3 survivors (3072K)
 Metaspace       used 41277K, committed 41664K, reserved 1114112K
  class space    used 5475K, committed 5632K, reserved 1048576K
}
Event: 2.424 GC heap after
{Heap after GC invocations=10 (full 0):
 garbage-first heap   total 68608K, used 27469K [0x00000000c0000000, 0x0000000100000000)
  region size 1024K, 4 young (4096K), 4 survivors (4096K)
 Metaspace       used 41277K, committed 41664K, reserved 1114112K
  class space    used 5475K, committed 5632K, reserved 1048576K
}

Dll operation events (3 events):
Event: 0.007 Loaded shared library C:\Program Files\Android\Android Studio\jbr\bin\java.dll
Event: 0.119 Loaded shared library C:\Program Files\Android\Android Studio\jbr\bin\zip.dll
Event: 0.314 Loaded shared library C:\Program Files\Android\Android Studio\jbr\bin\verify.dll

Deoptimization events (20 events):
Event: 2.446 Thread 0x000001f2422b8560 Uncommon trap: trap_request=0xffffffbe fr.pc=0x000001f22f949158 relative=0x0000000000002f58
Event: 2.446 Thread 0x000001f2422b8560 Uncommon trap: reason=profile_predicate action=maybe_recompile pc=0x000001f22f949158 method=java.util.AbstractCollection.addAll(Ljava/util/Collection;)Z @ 15 c2
Event: 2.446 Thread 0x000001f2422b8560 DEOPT PACKING pc=0x000001f22f949158 sp=0x00000049c99f9440
Event: 2.446 Thread 0x000001f2422b8560 DEOPT UNPACKING pc=0x000001f22f0769a3 sp=0x00000049c99f9438 mode 2
Event: 2.466 Thread 0x000001f2422b8560 Uncommon trap: trap_request=0xffffffde fr.pc=0x000001f22f97473c relative=0x000000000000045c
Event: 2.466 Thread 0x000001f2422b8560 Uncommon trap: reason=class_check action=maybe_recompile pc=0x000001f22f97473c method=java.util.regex.Pattern$Start.match(Ljava/util/regex/Matcher;ILjava/lang/CharSequence;)Z @ 44 c2
Event: 2.466 Thread 0x000001f2422b8560 DEOPT PACKING pc=0x000001f22f97473c sp=0x00000049c99f8bc0
Event: 2.466 Thread 0x000001f2422b8560 DEOPT UNPACKING pc=0x000001f22f0769a3 sp=0x00000049c99f8a88 mode 2
Event: 2.466 Thread 0x000001f2422b8560 Uncommon trap: trap_request=0xffffffde fr.pc=0x000001f22f97473c relative=0x000000000000045c
Event: 2.466 Thread 0x000001f2422b8560 Uncommon trap: reason=class_check action=maybe_recompile pc=0x000001f22f97473c method=java.util.regex.Pattern$Start.match(Ljava/util/regex/Matcher;ILjava/lang/CharSequence;)Z @ 44 c2
Event: 2.466 Thread 0x000001f2422b8560 DEOPT PACKING pc=0x000001f22f97473c sp=0x00000049c99f8bc0
Event: 2.466 Thread 0x000001f2422b8560 DEOPT UNPACKING pc=0x000001f22f0769a3 sp=0x00000049c99f8a88 mode 2
Event: 2.470 Thread 0x000001f2422b8560 Uncommon trap: trap_request=0xffffffbe fr.pc=0x000001f22f949158 relative=0x0000000000002f58
Event: 2.470 Thread 0x000001f2422b8560 Uncommon trap: reason=profile_predicate action=maybe_recompile pc=0x000001f22f949158 method=java.util.AbstractCollection.addAll(Ljava/util/Collection;)Z @ 15 c2
Event: 2.470 Thread 0x000001f2422b8560 DEOPT PACKING pc=0x000001f22f949158 sp=0x00000049c99f9440
Event: 2.470 Thread 0x000001f2422b8560 DEOPT UNPACKING pc=0x000001f22f0769a3 sp=0x00000049c99f9438 mode 2
Event: 2.483 Thread 0x000001f2422b8560 Uncommon trap: trap_request=0xffffffbe fr.pc=0x000001f22f949158 relative=0x0000000000002f58
Event: 2.483 Thread 0x000001f2422b8560 Uncommon trap: reason=profile_predicate action=maybe_recompile pc=0x000001f22f949158 method=java.util.AbstractCollection.addAll(Ljava/util/Collection;)Z @ 15 c2
Event: 2.483 Thread 0x000001f2422b8560 DEOPT PACKING pc=0x000001f22f949158 sp=0x00000049c99f9e50
Event: 2.483 Thread 0x000001f2422b8560 DEOPT UNPACKING pc=0x000001f22f0769a3 sp=0x00000049c99f9e48 mode 2

Classes unloaded (0 events):
No events

Classes redefined (0 events):
No events

Internal exceptions (20 events):
Event: 2.443 Thread 0x000001f2422b8560 Exception <a 'java/lang/ClassNotFoundException'{0x00000000c398f7c0}: groovy/lang/BindingBeanInfo> (0x00000000c398f7c0) 
thrown [s\src\hotspot\share\classfile\systemDictionary.cpp, line 256]
Event: 2.444 Thread 0x000001f2422b8560 Exception <a 'java/lang/ClassNotFoundException'{0x00000000c39a6450}: groovy/lang/GroovyObjectSupportBeanInfo> (0x00000000c39a6450) 
thrown [s\src\hotspot\share\classfile\systemDictionary.cpp, line 256]
Event: 2.445 Thread 0x000001f2422b8560 Exception <a 'java/lang/ClassNotFoundException'{0x00000000c39bd110}: groovy/lang/GroovyObjectSupportCustomizer> (0x00000000c39bd110) 
thrown [s\src\hotspot\share\classfile\systemDictionary.cpp, line 256]
Event: 2.446 Thread 0x000001f2422b8560 Exception <a 'java/lang/ClassNotFoundException'{0x00000000c39d73a8}: groovy/lang/BindingCustomizer> (0x00000000c39d73a8) 
thrown [s\src\hotspot\share\classfile\systemDictionary.cpp, line 256]
Event: 2.459 Thread 0x000001f2422b8560 Exception <a 'java/lang/ClassNotFoundException'{0x00000000c370de00}: ijtestinit_4n6dlcgvvk9a51cgzk15hqzh8BeanInfo> (0x00000000c370de00) 
thrown [s\src\hotspot\share\classfile\systemDictionary.cpp, line 256]
Event: 2.460 Thread 0x000001f2422b8560 Exception <a 'java/lang/ClassNotFoundException'{0x00000000c3717418}: org/gradle/initialization/InitScriptBeanInfo> (0x00000000c3717418) 
thrown [s\src\hotspot\share\classfile\systemDictionary.cpp, line 256]
Event: 2.460 Thread 0x000001f2422b8560 Exception <a 'java/lang/ClassNotFoundException'{0x00000000c3721838}: org/gradle/groovy/scripts/DefaultScriptBeanInfo> (0x00000000c3721838) 
thrown [s\src\hotspot\share\classfile\systemDictionary.cpp, line 256]
Event: 2.461 Thread 0x000001f2422b8560 Exception <a 'java/lang/ClassNotFoundException'{0x00000000c372be80}: org/gradle/groovy/scripts/BasicScriptBeanInfo> (0x00000000c372be80) 
thrown [s\src\hotspot\share\classfile\systemDictionary.cpp, line 256]
Event: 2.462 Thread 0x000001f2422b8560 Exception <a 'java/lang/ClassNotFoundException'{0x00000000c3736700}: org/gradle/groovy/scripts/ScriptBeanInfo> (0x00000000c3736700) 
thrown [s\src\hotspot\share\classfile\systemDictionary.cpp, line 256]
Event: 2.462 Thread 0x000001f2422b8560 Exception <a 'java/lang/ClassNotFoundException'{0x00000000c374e498}: groovy/lang/ScriptBeanInfo> (0x00000000c374e498) 
thrown [s\src\hotspot\share\classfile\systemDictionary.cpp, line 256]
Event: 2.463 Thread 0x000001f2422b8560 Exception <a 'java/lang/ClassNotFoundException'{0x00000000c3766220}: groovy/lang/ScriptCustomizer> (0x00000000c3766220) 
thrown [s\src\hotspot\share\classfile\systemDictionary.cpp, line 256]
Event: 2.463 Thread 0x000001f2422b8560 Exception <a 'java/lang/ClassNotFoundException'{0x00000000c3778a30}: org/gradle/groovy/scripts/ScriptCustomizer> (0x00000000c3778a30) 
thrown [s\src\hotspot\share\classfile\systemDictionary.cpp, line 256]
Event: 2.464 Thread 0x000001f2422b8560 Exception <a 'java/lang/ClassNotFoundException'{0x00000000c378a030}: org/gradle/groovy/scripts/BasicScriptCustomizer> (0x00000000c378a030) 
thrown [s\src\hotspot\share\classfile\systemDictionary.cpp, line 256]
Event: 2.465 Thread 0x000001f2422b8560 Exception <a 'java/lang/ClassNotFoundException'{0x00000000c379ffd8}: org/gradle/groovy/scripts/DefaultScriptCustomizer> (0x00000000c379ffd8) 
thrown [s\src\hotspot\share\classfile\systemDictionary.cpp, line 256]
Event: 2.469 Thread 0x000001f2422b8560 Exception <a 'java/lang/ClassNotFoundException'{0x00000000c37c71e0}: org/gradle/initialization/InitScriptCustomizer> (0x00000000c37c71e0) 
thrown [s\src\hotspot\share\classfile\systemDictionary.cpp, line 256]
Event: 2.470 Thread 0x000001f2422b8560 Exception <a 'java/lang/ClassNotFoundException'{0x00000000c37d56d0}: ijtestinit_4n6dlcgvvk9a51cgzk15hqzh8Customizer> (0x00000000c37d56d0) 
thrown [s\src\hotspot\share\classfile\systemDictionary.cpp, line 256]
Event: 2.482 Thread 0x000001f2422b8560 Exception <a 'java/lang/ClassNotFoundException'{0x00000000c3687ad8}: org/gradle/internal/extensibility/DefaultExtraPropertiesExtensionBeanInfo> (0x00000000c3687ad8) 
thrown [s\src\hotspot\share\classfile\systemDictionary.cpp, line 256]
Event: 2.482 Thread 0x000001f2422b8560 Exception <a 'java/lang/ClassNotFoundException'{0x00000000c3691640}: org/gradle/internal/extensibility/DefaultExtraPropertiesExtensionCustomizer> (0x00000000c3691640) 
thrown [s\src\hotspot\share\classfile\systemDictionary.cpp, line 256]
Event: 2.489 Thread 0x000001f2422b8560 Exception <a 'java/lang/ClassNotFoundException'{0x00000000c3526b50}: groovy/lang/ReferenceBeanInfo> (0x00000000c3526b50) 
thrown [s\src\hotspot\share\classfile\systemDictionary.cpp, line 256]
Event: 2.489 Thread 0x000001f2422b8560 Exception <a 'java/lang/ClassNotFoundException'{0x00000000c35492b8}: groovy/lang/ReferenceCustomizer> (0x00000000c35492b8) 
thrown [s\src\hotspot\share\classfile\systemDictionary.cpp, line 256]

VM Operations (20 events):
Event: 2.291 Executing VM operation: HandshakeAllThreads
Event: 2.292 Executing VM operation: HandshakeAllThreads done
Event: 2.313 Executing VM operation: HandshakeAllThreads
Event: 2.313 Executing VM operation: HandshakeAllThreads done
Event: 2.363 Executing VM operation: HandshakeAllThreads
Event: 2.363 Executing VM operation: HandshakeAllThreads done
Event: 2.363 Executing VM operation: HandshakeAllThreads
Event: 2.363 Executing VM operation: HandshakeAllThreads done
Event: 2.365 Executing VM operation: HandshakeAllThreads
Event: 2.365 Executing VM operation: HandshakeAllThreads done
Event: 2.368 Executing VM operation: HandshakeAllThreads
Event: 2.368 Executing VM operation: HandshakeAllThreads done
Event: 2.372 Executing VM operation: HandshakeAllThreads
Event: 2.372 Executing VM operation: HandshakeAllThreads done
Event: 2.406 Executing VM operation: HandshakeAllThreads
Event: 2.406 Executing VM operation: HandshakeAllThreads done
Event: 2.409 Executing VM operation: ICBufferFull
Event: 2.409 Executing VM operation: ICBufferFull done
Event: 2.420 Executing VM operation: G1CollectForAllocation
Event: 2.424 Executing VM operation: G1CollectForAllocation done

Events (20 events):
Event: 2.405 loading class jdk/internal/jimage/ImageReader$SharedImageReader$LocationVisitor
Event: 2.405 loading class jdk/internal/jimage/ImageReader$SharedImageReader$LocationVisitor done
Event: 2.405 loading class java/nio/ByteBufferAsIntBufferL
Event: 2.405 loading class java/nio/ByteBufferAsIntBufferL done
Event: 2.406 loading class jdk/internal/jrtfs/JrtFileAttributes
Event: 2.406 loading class jdk/internal/jrtfs/JrtFileAttributes done
Event: 2.406 loading class jdk/internal/jrtfs/JrtDirectoryStream
Event: 2.406 loading class jdk/internal/jrtfs/JrtDirectoryStream done
Event: 2.406 loading class jdk/internal/jrtfs/JrtDirectoryStream$1
Event: 2.406 loading class jdk/internal/jrtfs/JrtDirectoryStream$1 done
Event: 2.406 loading class java/util/function/BooleanSupplier
Event: 2.406 loading class java/util/function/BooleanSupplier done
Event: 2.407 loading class jdk/internal/jimage/ImageReader$Resource
Event: 2.407 loading class jdk/internal/jimage/ImageReader$Resource done
Event: 2.420 Thread 0x000001f246561080 Thread added: 0x000001f246561080
Event: 2.439 loading class java/util/WeakHashMap$KeyIterator
Event: 2.439 loading class java/util/WeakHashMap$HashIterator
Event: 2.439 loading class java/util/WeakHashMap$HashIterator done
Event: 2.439 loading class java/util/WeakHashMap$KeyIterator done
Event: 2.439 Thread 0x000001f2465624c0 Thread added: 0x000001f2465624c0


Dynamic libraries:
0x00007ff7c3e50000 - 0x00007ff7c3e5a000 	C:\Program Files\Android\Android Studio\jbr\bin\java.exe
0x00007ffa74210000 - 0x00007ffa74426000 	C:\Windows\SYSTEM32\ntdll.dll
0x00007ffa72cb0000 - 0x00007ffa72d74000 	C:\Windows\System32\KERNEL32.DLL
0x00007ffa71bb0000 - 0x00007ffa71f56000 	C:\Windows\System32\KERNELBASE.dll
0x00007ffa71880000 - 0x00007ffa71991000 	C:\Windows\System32\ucrtbase.dll
0x00007ffa691c0000 - 0x00007ffa691d7000 	C:\Program Files\Android\Android Studio\jbr\bin\jli.dll
0x00007ffa6bcb0000 - 0x00007ffa6bccb000 	C:\Program Files\Android\Android Studio\jbr\bin\VCRUNTIME140.dll
0x00007ffa721c0000 - 0x00007ffa7236d000 	C:\Windows\System32\USER32.dll
0x00007ffa71a60000 - 0x00007ffa71a86000 	C:\Windows\System32\win32u.dll
0x00007ffa42880000 - 0x00007ffa42b13000 	C:\Windows\WinSxS\amd64_microsoft.windows.common-controls_6595b64144ccf1df_6.0.22621.3235_none_270f74e173860f98\COMCTL32.dll
0x00007ffa740e0000 - 0x00007ffa74109000 	C:\Windows\System32\GDI32.dll
0x00007ffa71a90000 - 0x00007ffa71ba8000 	C:\Windows\System32\gdi32full.dll
0x00007ffa73d00000 - 0x00007ffa73da7000 	C:\Windows\System32\msvcrt.dll
0x00007ffa71550000 - 0x00007ffa715ea000 	C:\Windows\System32\msvcp_win.dll
0x00007ffa737a0000 - 0x00007ffa737d1000 	C:\Windows\System32\IMM32.DLL
0x00007ffa6b7c0000 - 0x00007ffa6b7cc000 	C:\Program Files\Android\Android Studio\jbr\bin\vcruntime140_1.dll
0x00007ffa357c0000 - 0x00007ffa3584d000 	C:\Program Files\Android\Android Studio\jbr\bin\msvcp140.dll
0x00007ffa0fec0000 - 0x00007ffa10b40000 	C:\Program Files\Android\Android Studio\jbr\bin\server\jvm.dll
0x00007ffa74110000 - 0x00007ffa741c2000 	C:\Windows\System32\ADVAPI32.dll
0x00007ffa72370000 - 0x00007ffa72418000 	C:\Windows\System32\sechost.dll
0x00007ffa715f0000 - 0x00007ffa71618000 	C:\Windows\System32\bcrypt.dll
0x00007ffa731a0000 - 0x00007ffa732b5000 	C:\Windows\System32\RPCRT4.dll
0x00007ffa4f3d0000 - 0x00007ffa4f3d9000 	C:\Windows\SYSTEM32\WSOCK32.dll
0x00007ffa71f60000 - 0x00007ffa71fd1000 	C:\Windows\System32\WS2_32.dll
0x00007ffa69050000 - 0x00007ffa69084000 	C:\Windows\SYSTEM32\WINMM.dll
0x00007ffa5d0c0000 - 0x00007ffa5d0ca000 	C:\Windows\SYSTEM32\VERSION.dll
0x00007ffa70550000 - 0x00007ffa70568000 	C:\Windows\SYSTEM32\kernel.appcore.dll
0x00007ffa6bb80000 - 0x00007ffa6bb8a000 	C:\Program Files\Android\Android Studio\jbr\bin\jimage.dll
0x00007ffa637b0000 - 0x00007ffa639e3000 	C:\Windows\SYSTEM32\DBGHELP.DLL
0x00007ffa73410000 - 0x00007ffa73798000 	C:\Windows\System32\combase.dll
0x00007ffa71fe0000 - 0x00007ffa720b7000 	C:\Windows\System32\OLEAUT32.dll
0x00007ffa599d0000 - 0x00007ffa59a02000 	C:\Windows\SYSTEM32\dbgcore.DLL
0x00007ffa71620000 - 0x00007ffa7169a000 	C:\Windows\System32\bcryptPrimitives.dll
0x00007ffa69fe0000 - 0x00007ffa69fee000 	C:\Program Files\Android\Android Studio\jbr\bin\instrument.dll
0x00007ffa6af60000 - 0x00007ffa6af85000 	C:\Program Files\Android\Android Studio\jbr\bin\java.dll
0x00007ffa6b810000 - 0x00007ffa6b828000 	C:\Program Files\Android\Android Studio\jbr\bin\zip.dll
0x00007ffa72430000 - 0x00007ffa72c8d000 	C:\Windows\System32\SHELL32.dll
0x00007ffa6f460000 - 0x00007ffa6fd58000 	C:\Windows\SYSTEM32\windows.storage.dll
0x00007ffa6f320000 - 0x00007ffa6f45e000 	C:\Windows\SYSTEM32\wintypes.dll
0x00007ffa73fe0000 - 0x00007ffa740d3000 	C:\Windows\System32\SHCORE.dll
0x00007ffa732d0000 - 0x00007ffa7332e000 	C:\Windows\System32\shlwapi.dll
0x00007ffa71480000 - 0x00007ffa714a6000 	C:\Windows\SYSTEM32\profapi.dll
0x00007ffa6af40000 - 0x00007ffa6af59000 	C:\Program Files\Android\Android Studio\jbr\bin\net.dll
0x00007ffa6b4f0000 - 0x00007ffa6b627000 	C:\Windows\SYSTEM32\WINHTTP.dll
0x00007ffa70a40000 - 0x00007ffa70aa9000 	C:\Windows\system32\mswsock.dll
0x00007ffa6a5c0000 - 0x00007ffa6a5d6000 	C:\Program Files\Android\Android Studio\jbr\bin\nio.dll
0x00007ffa6b6a0000 - 0x00007ffa6b6b0000 	C:\Program Files\Android\Android Studio\jbr\bin\verify.dll
0x00007ffa5daf0000 - 0x00007ffa5db17000 	C:\Users\ASUS\.gradle\native\68d5fa5c4cc2d200863cafc0d521ce42e7d3e7ee720ec0a83991735586a16f82\windows-amd64\native-platform.dll
0x00007ffa1fb20000 - 0x00007ffa1fc64000 	C:\Users\ASUS\.gradle\native\e376f236ea51e6404a007f0833ffe2c6e607c4080706a723a18a27aeea778392\windows-amd64\native-platform-file-events.dll
0x00007ffa6aef0000 - 0x00007ffa6aef9000 	C:\Program Files\Android\Android Studio\jbr\bin\management.dll
0x00007ffa6ad40000 - 0x00007ffa6ad4b000 	C:\Program Files\Android\Android Studio\jbr\bin\management_ext.dll
0x00007ffa73cf0000 - 0x00007ffa73cf8000 	C:\Windows\System32\PSAPI.DLL
0x00007ffa70c60000 - 0x00007ffa70c7b000 	C:\Windows\SYSTEM32\CRYPTSP.dll
0x00007ffa704b0000 - 0x00007ffa704e5000 	C:\Windows\system32\rsaenh.dll
0x00007ffa70ae0000 - 0x00007ffa70b0c000 	C:\Windows\SYSTEM32\USERENV.dll
0x00007ffa70c80000 - 0x00007ffa70c8c000 	C:\Windows\SYSTEM32\CRYPTBASE.dll
0x00007ffa6ffc0000 - 0x00007ffa6ffed000 	C:\Windows\SYSTEM32\IPHLPAPI.DLL
0x00007ffa732c0000 - 0x00007ffa732c9000 	C:\Windows\System32\NSI.dll
0x00007ffa6a7d0000 - 0x00007ffa6a7e9000 	C:\Windows\SYSTEM32\dhcpcsvc6.DLL
0x00007ffa6a7b0000 - 0x00007ffa6a7cf000 	C:\Windows\SYSTEM32\dhcpcsvc.DLL
0x00007ffa70030000 - 0x00007ffa70129000 	C:\Windows\SYSTEM32\DNSAPI.dll
0x00007ffa35050000 - 0x00007ffa35058000 	C:\Windows\system32\wshunix.dll

dbghelp: loaded successfully - version: 4.0.5 - missing functions: none
symbol engine: initialized successfully - sym options: 0x614 - pdb path: .;C:\Program Files\Android\Android Studio\jbr\bin;C:\Windows\SYSTEM32;C:\Windows\WinSxS\amd64_microsoft.windows.common-controls_6595b64144ccf1df_6.0.22621.3235_none_270f74e173860f98;C:\Program Files\Android\Android Studio\jbr\bin\server;C:\Users\ASUS\.gradle\native\68d5fa5c4cc2d200863cafc0d521ce42e7d3e7ee720ec0a83991735586a16f82\windows-amd64;C:\Users\ASUS\.gradle\native\e376f236ea51e6404a007f0833ffe2c6e607c4080706a723a18a27aeea778392\windows-amd64

VM Arguments:
jvm_args: --add-opens=java.base/java.util=ALL-UNNAMED --add-opens=java.base/java.lang=ALL-UNNAMED --add-opens=java.base/java.lang.invoke=ALL-UNNAMED --add-opens=java.prefs/java.util.prefs=ALL-UNNAMED --add-opens=java.base/java.nio.charset=ALL-UNNAMED --add-opens=java.base/java.net=ALL-UNNAMED --add-opens=java.base/java.util.concurrent.atomic=ALL-UNNAMED -Xmx1024m -Dfile.encoding=UTF-8 -Duser.country=US -Duser.language=en -Duser.variant -javaagent:C:\Users\ASUS\.gradle\wrapper\dists\gradle-8.2-bin\bbg7u40eoinfdyxsxr3z4i7ta\gradle-8.2\lib\agents\gradle-instrumentation-agent-8.2.jar 
java_command: org.gradle.launcher.daemon.bootstrap.GradleDaemon 8.2
java_class_path (initial): C:\Users\ASUS\.gradle\wrapper\dists\gradle-8.2-bin\bbg7u40eoinfdyxsxr3z4i7ta\gradle-8.2\lib\gradle-launcher-8.2.jar
Launcher Type: SUN_STANDARD

[Global flags]
     intx CICompilerCount                          = 12                                        {product} {ergonomic}
     uint ConcGCThreads                            = 4                                         {product} {ergonomic}
     uint G1ConcRefinementThreads                  = 15                                        {product} {ergonomic}
   size_t G1HeapRegionSize                         = 1048576                                   {product} {ergonomic}
    uintx GCDrainStackTargetSize                   = 64                                        {product} {ergonomic}
   size_t InitialHeapSize                          = 264241152                                 {product} {ergonomic}
   size_t MarkStackSize                            = 4194304                                   {product} {ergonomic}
   size_t MaxHeapSize                              = 1073741824                                {product} {command line}
   size_t MaxNewSize                               = 643825664                                 {product} {ergonomic}
   size_t MinHeapDeltaBytes                        = 1048576                                   {product} {ergonomic}
   size_t MinHeapSize                              = 8388608                                   {product} {ergonomic}
    uintx NonNMethodCodeHeapSize                   = 7602480                                {pd product} {ergonomic}
    uintx NonProfiledCodeHeapSize                  = 122027880                              {pd product} {ergonomic}
    uintx ProfiledCodeHeapSize                     = 122027880                              {pd product} {ergonomic}
    uintx ReservedCodeCacheSize                    = 251658240                              {pd product} {ergonomic}
     bool SegmentedCodeCache                       = true                                      {product} {ergonomic}
   size_t SoftMaxHeapSize                          = 1073741824                             {manageable} {ergonomic}
     bool UseCompressedClassPointers               = true                           {product lp64_product} {ergonomic}
     bool UseCompressedOops                        = true                           {product lp64_product} {ergonomic}
     bool UseG1GC                                  = true                                      {product} {ergonomic}
     bool UseLargePagesIndividualAllocation        = false                                  {pd product} {ergonomic}

Logging:
Log output configuration:
 #0: stdout all=warning uptime,level,tags
 #1: stderr all=off uptime,level,tags

Environment Variables:
PATH=C:\Program Files\Common Files\Oracle\Java\javapath;C:\Windows\system32;C:\Windows;C:\Windows\System32\Wbem;C:\Windows\System32\WindowsPowerShell\v1.0\;C:\Windows\System32\OpenSSH\;C:\Program Files\Azure Data Studio\bin;C:\Program Files\Microsoft SQL Server\Client SDK\ODBC\170\Tools\Binn\;C:\Program Files (x86)\Microsoft SQL Server\150\Tools\Binn\;C:\Program Files\Microsoft SQL Server\150\Tools\Binn\;C:\Program Files\Microsoft SQL Server\150\DTS\Binn\;C:\Program Files (x86)\Microsoft SQL Server\160\DTS\Binn\;C:\Program Files\Git\cmd;C:\Program Files\nodejs\;C:\Program Files\Cloudflare\Cloudflare WARP\;C:\Program Files\MongoDB\Server\7.0\bin;C:\Users\ASUS\AppData\Local\Programs\Python\Launcher\;C:\Program Files\MySQL\MySQL Shell 8.0\bin\;C:\Users\ASUS\AppData\Local\Microsoft\WindowsApps;C:\Program Files\Azure Data Studio\bin;C:\Users\ASUS\AppData\Local\Programs\Microsoft VS Code\bin;C:\Users\ASUS\AppData\Roaming\npm;C:\Users\ASUS\AppData\Local\JetBrains\PyCharm Community Edition 2023.3.2\bin;;C:\Users\ASUS\AppData\Local\GitHubDesktop\bin
USERNAME=ASUS
OS=Windows_NT
PROCESSOR_IDENTIFIER=Intel64 Family 6 Model 186 Stepping 2, GenuineIntel
TMP=C:\Users\ASUS\AppData\Local\Temp
TEMP=C:\Users\ASUS\AppData\Local\Temp


JNI global refs:
JNI global refs: 34, weak refs: 0

JNI global refs memory usage: 843, weak refs: 841

OOME stack traces (most recent first):
Classloader memory used:
Loader org.gradle.internal.classloader.VisitableURLClassLoader                         : 2424K
Loader bootstrap                                                                       : 2278K
Loader org.gradle.initialization.MixInLegacyTypesClassLoader                           : 431K
Loader jdk.internal.loader.ClassLoaders$PlatformClassLoader                            : 65801B
Loader jdk.internal.loader.ClassLoaders$AppClassLoader                                 : 28352B
Loader jdk.internal.reflect.DelegatingClassLoader                                      : 3433B
Loader org.gradle.groovy.scripts.internal.DefaultScriptCompilationHandler$ScriptClassLoader: 796B

Classes loaded by more than one classloader:
Class org.gradle.internal.installation.GradleInstallation                             : loaded 2 times (x 73B)
Class org.gradle.internal.classpath.ClassPath                                         : loaded 2 times (x 68B)
Class org.gradle.api.internal.classpath.DefaultModuleRegistry                         : loaded 2 times (x 84B)
Class org.gradle.api.Action                                                           : loaded 2 times (x 68B)
Class org.gradle.api.internal.DefaultClassPathProvider                                : loaded 2 times (x 74B)
Class org.gradle.internal.installation.GradleInstallation$1                           : loaded 2 times (x 73B)
Class org.gradle.internal.classloader.FilteringClassLoader                            : loaded 2 times (x 102B)
Class org.gradle.internal.classpath.DefaultClassPath$ImmutableUniqueList$Builder      : loaded 2 times (x 73B)
Class org.gradle.internal.classloader.ClassLoaderVisitor                              : loaded 2 times (x 74B)
Class org.gradle.internal.service.DefaultServiceLocator                               : loaded 2 times (x 81B)
Class org.gradle.internal.service.UnknownServiceException                             : loaded 2 times (x 81B)
Class org.gradle.internal.classloader.DefaultClassLoaderFactory                       : loaded 2 times (x 80B)
Class org.gradle.internal.classloader.VisitableURLClassLoader$Spec                    : loaded 2 times (x 72B)
Class org.gradle.api.GradleException                                                  : loaded 2 times (x 80B)
Class org.gradle.api.internal.classpath.ModuleRegistry                                : loaded 2 times (x 68B)
Class org.gradle.api.internal.ClassPathProvider                                       : loaded 2 times (x 68B)
Class org.gradle.internal.classloader.ClasspathUtil$1                                 : loaded 2 times (x 74B)
Class org.gradle.internal.classloader.ClassLoaderFactory                              : loaded 2 times (x 68B)
Class org.gradle.api.internal.classpath.ManifestUtil                                  : loaded 2 times (x 69B)
Class org.gradle.api.specs.Spec                                                       : loaded 2 times (x 68B)
Class org.gradle.internal.IoActions                                                   : loaded 2 times (x 69B)
Class org.gradle.api.internal.classpath.EffectiveClassPath                            : loaded 2 times (x 88B)
Class org.gradle.internal.installation.CurrentGradleInstallation                      : loaded 2 times (x 71B)
Class org.gradle.internal.agents.InstrumentingClassLoader                             : loaded 2 times (x 68B)
Class org.gradle.internal.installation.CurrentGradleInstallationLocator               : loaded 2 times (x 69B)
Class org.gradle.api.internal.classpath.Module                                        : loaded 2 times (x 68B)
Class org.gradle.internal.service.CachingServiceLocator                               : loaded 2 times (x 80B)
Class org.gradle.internal.classpath.DefaultClassPath                                  : loaded 2 times (x 88B)
Class org.gradle.internal.classloader.SystemClassLoaderSpec                           : loaded 2 times (x 69B)
Class org.gradle.api.UncheckedIOException                                             : loaded 2 times (x 80B)
Class org.gradle.internal.classloader.ClasspathUtil                                   : loaded 2 times (x 69B)
Class org.gradle.api.internal.DefaultClassPathRegistry                                : loaded 2 times (x 74B)
Class org.gradle.api.internal.classpath.DefaultModuleRegistry$DefaultModule           : loaded 2 times (x 84B)
Class org.gradle.api.internal.classpath.UnknownModuleException                        : loaded 2 times (x 80B)
Class org.gradle.internal.service.ServiceLookupException                              : loaded 2 times (x 80B)
Class org.gradle.cache.GlobalCache                                                    : loaded 2 times (x 68B)
Class [Lorg.gradle.api.internal.ClassPathProvider;                                    : loaded 2 times (x 67B)
Class org.gradle.util.internal.GUtil                                                  : loaded 2 times (x 69B)
Class org.gradle.internal.classloader.ClassLoaderSpec                                 : loaded 2 times (x 69B)
Class org.gradle.internal.classloader.VisitableURLClassLoader                         : loaded 2 times (x 114B)
Class org.gradle.internal.Cast                                                        : loaded 2 times (x 69B)
Class org.gradle.api.internal.ClassPathRegistry                                       : loaded 2 times (x 68B)
Class org.gradle.internal.classloader.VisitableURLClassLoader$InstrumentingVisitableURLClassLoader: loaded 2 times (x 120B)
Class org.gradle.internal.classloader.ClassLoaderHierarchy                            : loaded 2 times (x 68B)
Class org.gradle.internal.InternalTransformer                                         : loaded 2 times (x 68B)
Class org.gradle.internal.service.ServiceLocator                                      : loaded 2 times (x 68B)
Class org.gradle.internal.classpath.DefaultClassPath$ImmutableUniqueList              : loaded 2 times (x 159B)
Class org.gradle.internal.classpath.TransformedClassPath                              : loaded 2 times (x 94B)


---------------  S Y S T E M  ---------------

OS:
 Windows 11 , 64 bit Build 22621 (10.0.22621.3235)
OS uptime: 0 days 9:14 hours
Hyper-V role detected

CPU: total 20 (initial active 20) (10 cores per cpu, 2 threads per core) family 6 model 186 stepping 2 microcode 0x410e, cx8, cmov, fxsr, ht, mmx, 3dnowpref, sse, sse2, sse3, ssse3, sse4.1, sse4.2, popcnt, lzcnt, tsc, tscinvbit, avx, avx2, aes, erms, clmul, bmi1, bmi2, adx, sha, fma, vzeroupper, clflush, clflushopt, clwb, hv

Memory: 4k page, system-wide physical 16003M (3147M free)
TotalPageFile size 16003M (AvailPageFile size 6M)
current process WorkingSet (physical memory assigned to process): 226M, peak: 226M
current process commit charge ("private bytes"): 277M, peak: 416M

vm_info: OpenJDK 64-Bit Server VM (17.0.7+0-b2043.56-10550314) for windows-amd64 JRE (17.0.7+0-b2043.56-10550314), built on Jul 24 2023 18:27:45 by "androidbuild" with MS VC++ 16.10 / 16.11 (VS2019)

END.
